# JRE version: Java(TM) SE Runtime Environment (17.0.8+9) (build 17.0.8+9-LTS-211)
# Java VM: Java HotSpot(TM) 64-Bit Server VM (17.0.8+9-LTS-211, mixed mode, sharing, tiered, compressed oops, compressed class ptrs, g1 gc, windows-amd64)
GC Precious Log:
 CPUs: 2 total, 2 available
 Memory: 3737M
 Large Page Support: Disabled
 NUMA Support: Disabled
 Compressed Oops: Enabled (32-bit)
 Heap Region Size: 1M
 Heap Min Capacity: 8M
 Heap Initial Capacity: 60M
 Heap Max Capacity: 936M
 Pre-touch: Disabled
 Parallel Workers: 2
 Concurrent Workers: 1
 Concurrent Refinement Workers: 2
 Periodic GC: Disabled
Heap:
 garbage-first heap   total 61440K, used 28506K [0x00000000c5800000, 0x0000000100000000)
  region size 1024K, 1 young (1024K), 1 survivors (1024K)
 Metaspace       used 62848K, committed 63360K, reserved 1114112K
  class space    used 8623K, committed 8832K, reserved 1048576K
GC Heap History (20 events):
Event: 25.165 GC heap after
{Heap after GC invocations=15 (full 0):
 garbage-first heap   total 51200K, used 23452K [0x00000000c5800000, 0x0000000100000000)
  region size 1024K, 3 young (3072K), 3 survivors (3072K)
 Metaspace       used 44674K, committed 45184K, reserved 1114112K
  class space    used 5896K, committed 6144K, reserved 1048576K
}
Event: 26.844 GC heap before
{Heap before GC invocations=15 (full 0):
 garbage-first heap   total 51200K, used 38812K [0x00000000c5800000, 0x0000000100000000)
  region size 1024K, 19 young (19456K), 3 survivors (3072K)
 Metaspace       used 49785K, committed 50304K, reserved 1114112K
  class space    used 6781K, committed 7040K, reserved 1048576K
}
Event: 26.860 GC heap after
{Heap after GC invocations=16 (full 0):
 garbage-first heap   total 51200K, used 23834K [0x00000000c5800000, 0x0000000100000000)
  region size 1024K, 2 young (2048K), 2 survivors (2048K)
 Metaspace       used 49785K, committed 50304K, reserved 1114112K
  class space    used 6781K, committed 7040K, reserved 1048576K
}
Event: 29.814 GC heap before
{Heap before GC invocations=16 (full 0):
 garbage-first heap   total 51200K, used 40218K [0x00000000c5800000, 0x0000000100000000)
  region size 1024K, 19 young (19456K), 2 survivors (2048K)
 Metaspace       used 53811K, committed 54336K, reserved 1114112K
  class space    used 7312K, committed 7552K, reserved 1048576K
}
Event: 29.875 GC heap after
{Heap after GC invocations=17 (full 0):
 garbage-first heap   total 51200K, used 25320K [0x00000000c5800000, 0x0000000100000000)
  region size 1024K, 3 young (3072K), 3 survivors (3072K)
 Metaspace       used 53811K, committed 54336K, reserved 1114112K
  class space    used 7312K, committed 7552K, reserved 1048576K
}
Event: 32.079 GC heap before
{Heap before GC invocations=17 (full 0):
 garbage-first heap   total 51200K, used 41704K [0x00000000c5800000, 0x0000000100000000)
  region size 1024K, 19 young (19456K), 3 survivors (3072K)
 Metaspace       used 55421K, committed 55936K, reserved 1114112K
  class space    used 7569K, committed 7808K, reserved 1048576K
}
Event: 32.098 GC heap after
{Heap after GC invocations=18 (full 0):
 garbage-first heap   total 51200K, used 26635K [0x00000000c5800000, 0x0000000100000000)
  region size 1024K, 3 young (3072K), 3 survivors (3072K)
 Metaspace       used 55421K, committed 55936K, reserved 1114112K
  class space    used 7569K, committed 7808K, reserved 1048576K
}
Event: 33.264 GC heap before
{Heap before GC invocations=18 (full 0):
 garbage-first heap   total 51200K, used 40971K [0x00000000c5800000, 0x0000000100000000)
  region size 1024K, 17 young (17408K), 3 survivors (3072K)
 Metaspace       used 57301K, committed 57856K, reserved 1114112K
  class space    used 7834K, committed 8064K, reserved 1048576K
}
Event: 33.277 GC heap after
{Heap after GC invocations=19 (full 0):
 garbage-first heap   total 51200K, used 28095K [0x00000000c5800000, 0x0000000100000000)
  region size 1024K, 3 young (3072K), 3 survivors (3072K)
 Metaspace       used 57301K, committed 57856K, reserved 1114112K
  class space    used 7834K, committed 8064K, reserved 1048576K
}
Event: 34.575 GC heap before
{Heap before GC invocations=20 (full 0):
 garbage-first heap   total 51200K, used 41407K [0x00000000c5800000, 0x0000000100000000)
  region size 1024K, 16 young (16384K), 3 survivors (3072K)
 Metaspace       used 59343K, committed 59968K, reserved 1114112K
  class space    used 8170K, committed 8448K, reserved 1048576K
}
Event: 34.588 GC heap after
{Heap after GC invocations=21 (full 0):
 garbage-first heap   total 51200K, used 29337K [0x00000000c5800000, 0x0000000100000000)
  region size 1024K, 2 young (2048K), 2 survivors (2048K)
 Metaspace       used 59343K, committed 59968K, reserved 1114112K
  class space    used 8170K, committed 8448K, reserved 1048576K
}
Event: 1064.164 GC heap before
{Heap before GC invocations=21 (full 0):
 garbage-first heap   total 51200K, used 40601K [0x00000000c5800000, 0x0000000100000000)
  region size 1024K, 13 young (13312K), 2 survivors (2048K)
 Metaspace       used 59853K, committed 60416K, reserved 1114112K
  class space    used 8225K, committed 8448K, reserved 1048576K
}
Event: 1064.659 GC heap after
{Heap after GC invocations=22 (full 0):
 garbage-first heap   total 51200K, used 29526K [0x00000000c5800000, 0x0000000100000000)
  region size 1024K, 1 young (1024K), 1 survivors (1024K)
 Metaspace       used 59853K, committed 60416K, reserved 1114112K
  class space    used 8225K, committed 8448K, reserved 1048576K
}
Event: 1431.183 GC heap before
{Heap before GC invocations=23 (full 0):
 garbage-first heap   total 53248K, used 40790K [0x00000000c5800000, 0x0000000100000000)
  region size 1024K, 13 young (13312K), 1 survivors (1024K)
 Metaspace       used 62010K, committed 62464K, reserved 1114112K
  class space    used 8465K, committed 8640K, reserved 1048576K
}
Event: 1431.236 GC heap after
{Heap after GC invocations=24 (full 0):
 garbage-first heap   total 53248K, used 30277K [0x00000000c5800000, 0x0000000100000000)
  region size 1024K, 2 young (2048K), 2 survivors (2048K)
 Metaspace       used 62010K, committed 62464K, reserved 1114112K
  class space    used 8465K, committed 8640K, reserved 1048576K
}
Event: 1431.381 GC heap before
{Heap before GC invocations=24 (full 0):
 garbage-first heap   total 53248K, used 30277K [0x00000000c5800000, 0x0000000100000000)
  region size 1024K, 3 young (3072K), 2 survivors (2048K)
 Metaspace       used 62337K, committed 62848K, reserved 1114112K
  class space    used 8563K, committed 8768K, reserved 1048576K
}
Event: 1431.486 GC heap after
{Heap after GC invocations=25 (full 0):
 garbage-first heap   total 53248K, used 28993K [0x00000000c5800000, 0x0000000100000000)
  region size 1024K, 1 young (1024K), 1 survivors (1024K)
 Metaspace       used 62337K, committed 62848K, reserved 1114112K
  class space    used 8563K, committed 8768K, reserved 1048576K
}
Event: 1431.524 GC heap before
{Heap before GC invocations=25 (full 0):
 garbage-first heap   total 53248K, used 28993K [0x00000000c5800000, 0x0000000100000000)
  region size 1024K, 2 young (2048K), 1 survivors (1024K)
 Metaspace       used 62381K, committed 62848K, reserved 1114112K
  class space    used 8572K, committed 8768K, reserved 1048576K
}
Event: 1431.594 GC heap after
{Heap after GC invocations=26 (full 0):
 garbage-first heap   total 53248K, used 28858K [0x00000000c5800000, 0x0000000100000000)
  region size 1024K, 1 young (1024K), 1 survivors (1024K)
 Metaspace       used 62381K, committed 62848K, reserved 1114112K
  class space    used 8572K, committed 8768K, reserved 1048576K
}
Event: 1431.842 GC heap before
{Heap before GC invocations=26 (full 0):
 garbage-first heap   total 53248K, used 29882K [0x00000000c5800000, 0x0000000100000000)
  region size 1024K, 2 young (2048K), 1 survivors (1024K)
 Metaspace       used 62848K, committed 63360K, reserved 1114112K
  class space    used 8623K, committed 8832K, reserved 1048576K
}

